kotlin version: 2.0.21
error message: org.jetbrains.kotlin.backend.common.BackendException: Backend Internal error: Exception during IR lowering
File being compiled: C:/prj/AndroidStudioProjects/android-practice/playground/ContentWithSwipeableBottomSheet/ui/src/main/java/com/example/ui/ContentWithSwipeableBottomSheet.kt
The root cause java.lang.RuntimeException was thrown at: org.jetbrains.kotlin.backend.jvm.codegen.FunctionCodegen.generate(FunctionCodegen.kt:47)
	at org.jetbrains.kotlin.backend.common.CodegenUtil.reportBackendException(CodegenUtil.kt:253)
	at org.jetbrains.kotlin.backend.common.CodegenUtil.reportBackendException$default(CodegenUtil.kt:236)
	at org.jetbrains.kotlin.backend.common.phaser.PerformByIrFilePhase.invokeSequential(performByIrFile.kt:65)
	at org.jetbrains.kotlin.backend.common.phaser.PerformByIrFilePhase.invoke(performByIrFile.kt:52)
	at org.jetbrains.kotlin.backend.common.phaser.PerformByIrFilePhase.invoke(performByIrFile.kt:38)
	at org.jetbrains.kotlin.backend.common.phaser.NamedCompilerPhase.phaseBody(CompilerPhase.kt:166)
	at org.jetbrains.kotlin.backend.common.phaser.AbstractNamedCompilerPhase.invoke(CompilerPhase.kt:113)
	at org.jetbrains.kotlin.backend.common.phaser.CompositePhase.invoke(PhaseBuilders.kt:27)
	at org.jetbrains.kotlin.backend.common.phaser.CompositePhase.invoke(PhaseBuilders.kt:14)
	at org.jetbrains.kotlin.backend.common.phaser.NamedCompilerPhase.phaseBody(CompilerPhase.kt:166)
	at org.jetbrains.kotlin.backend.common.phaser.AbstractNamedCompilerPhase.invoke(CompilerPhase.kt:113)
	at org.jetbrains.kotlin.backend.common.phaser.CompilerPhaseKt.invokeToplevel(CompilerPhase.kt:62)
	at org.jetbrains.kotlin.backend.jvm.JvmIrCodegenFactory.invokeCodegen(JvmIrCodegenFactory.kt:371)
	at org.jetbrains.kotlin.codegen.CodegenFactory.generateModule(CodegenFactory.kt:47)
	at org.jetbrains.kotlin.backend.jvm.JvmIrCodegenFactory.generateModuleInFrontendIRMode(JvmIrCodegenFactory.kt:433)
	at org.jetbrains.kotlin.cli.jvm.compiler.pipeline.JvmCompilerPipelineKt.generateCodeFromIr(jvmCompilerPipeline.kt:246)
	at org.jetbrains.kotlin.cli.jvm.compiler.pipeline.JvmCompilerPipelineKt.compileModulesUsingFrontendIrAndLightTree(jvmCompilerPipeline.kt:142)
	at org.jetbrains.kotlin.cli.jvm.K2JVMCompiler.doExecute(K2JVMCompiler.kt:148)
	at org.jetbrains.kotlin.cli.jvm.K2JVMCompiler.doExecute(K2JVMCompiler.kt:43)
	at org.jetbrains.kotlin.cli.common.CLICompiler.execImpl(CLICompiler.kt:103)
	at org.jetbrains.kotlin.cli.common.CLICompiler.execImpl(CLICompiler.kt:49)
	at org.jetbrains.kotlin.cli.common.CLITool.exec(CLITool.kt:101)
	at org.jetbrains.kotlin.incremental.IncrementalJvmCompilerRunner.runCompiler(IncrementalJvmCompilerRunner.kt:464)
	at org.jetbrains.kotlin.incremental.IncrementalJvmCompilerRunner.runCompiler(IncrementalJvmCompilerRunner.kt:73)
	at org.jetbrains.kotlin.incremental.IncrementalCompilerRunner.doCompile(IncrementalCompilerRunner.kt:506)
	at org.jetbrains.kotlin.incremental.IncrementalCompilerRunner.compileImpl(IncrementalCompilerRunner.kt:423)
	at org.jetbrains.kotlin.incremental.IncrementalCompilerRunner.compileNonIncrementally(IncrementalCompilerRunner.kt:301)
	at org.jetbrains.kotlin.incremental.IncrementalCompilerRunner.compile(IncrementalCompilerRunner.kt:129)
	at org.jetbrains.kotlin.daemon.CompileServiceImplBase.execIncrementalCompiler(CompileServiceImpl.kt:675)
	at org.jetbrains.kotlin.daemon.CompileServiceImplBase.access$execIncrementalCompiler(CompileServiceImpl.kt:92)
	at org.jetbrains.kotlin.daemon.CompileServiceImpl.compile(CompileServiceImpl.kt:1660)
	at java.base/jdk.internal.reflect.DirectMethodHandleAccessor.invoke(Unknown Source)
	at java.base/java.lang.reflect.Method.invoke(Unknown Source)
	at java.rmi/sun.rmi.server.UnicastServerRef.dispatch(Unknown Source)
	at java.rmi/sun.rmi.transport.Transport$1.run(Unknown Source)
	at java.rmi/sun.rmi.transport.Transport$1.run(Unknown Source)
	at java.base/java.security.AccessController.doPrivileged(Unknown Source)
	at java.rmi/sun.rmi.transport.Transport.serviceCall(Unknown Source)
	at java.rmi/sun.rmi.transport.tcp.TCPTransport.handleMessages(Unknown Source)
	at java.rmi/sun.rmi.transport.tcp.TCPTransport$ConnectionHandler.run0(Unknown Source)
	at java.rmi/sun.rmi.transport.tcp.TCPTransport$ConnectionHandler.lambda$run$0(Unknown Source)
	at java.base/java.security.AccessController.doPrivileged(Unknown Source)
	at java.rmi/sun.rmi.transport.tcp.TCPTransport$ConnectionHandler.run(Unknown Source)
	at java.base/java.util.concurrent.ThreadPoolExecutor.runWorker(Unknown Source)
	at java.base/java.util.concurrent.ThreadPoolExecutor$Worker.run(Unknown Source)
	at java.base/java.lang.Thread.run(Unknown Source)
Caused by: java.lang.RuntimeException: Exception while generating code for:
FUN name:ContentWithSwipeableBottomSheet-0TPiquI visibility:public modality:FINAL <> (sheetContent:@[Composable] kotlin.Function0<kotlin.Unit>, modifier:androidx.compose.ui.Modifier, sheetState:com.example.ui.ContentWithSwipeableBottomSheetState, sheetExpandedAnchorOffset:androidx.compose.ui.unit.Dp, sheetPartiallyExpandedHeight:androidx.compose.ui.unit.Dp, sheetShape:androidx.compose.ui.graphics.Shape, sheetContainerColor:androidx.compose.ui.graphics.Color, sheetContentColor:androidx.compose.ui.graphics.Color, sheetTonalElevation:androidx.compose.ui.unit.Dp, sheetShadowElevation:androidx.compose.ui.unit.Dp, sheetDragHandle:@[Composable] kotlin.Function0<kotlin.Unit>, sheetSwipeEnabled:kotlin.Boolean, hasContentNavigationBarPadding:kotlin.Boolean, content:@[Composable] kotlin.Function0<kotlin.Unit>) returnType:kotlin.Unit
  annotations:
    OptIn(markerClass = [CLASS_REFERENCE 'CLASS IR_EXTERNAL_DECLARATION_STUB ANNOTATION_CLASS name:ExperimentalMaterial3Api modality:OPEN visibility:public superTypes:[kotlin.Annotation]' type=kotlin.reflect.KClass<androidx.compose.material3.ExperimentalMaterial3Api>, CLASS_REFERENCE 'CLASS IR_EXTERNAL_DECLARATION_STUB ANNOTATION_CLASS name:ExperimentalLayoutApi modality:OPEN visibility:public superTypes:[kotlin.Annotation]' type=kotlin.reflect.KClass<androidx.compose.foundation.layout.ExperimentalLayoutApi>])
    Composable
  VALUE_PARAMETER name:sheetContent index:0 type:@[Composable] kotlin.Function0<kotlin.Unit>
  VALUE_PARAMETER name:modifier index:1 type:androidx.compose.ui.Modifier
    EXPRESSION_BODY
      ERROR_EXPR 'Default Stub' type=androidx.compose.ui.Modifier
  VALUE_PARAMETER name:sheetState index:2 type:com.example.ui.ContentWithSwipeableBottomSheetState
    EXPRESSION_BODY
      ERROR_EXPR 'Default Stub' type=com.example.ui.ContentWithSwipeableBottomSheetState
  VALUE_PARAMETER name:sheetExpandedAnchorOffset index:3 type:androidx.compose.ui.unit.Dp
    EXPRESSION_BODY
      ERROR_EXPR 'Default Stub' type=androidx.compose.ui.unit.Dp
  VALUE_PARAMETER name:sheetPartiallyExpandedHeight index:4 type:androidx.compose.ui.unit.Dp
    EXPRESSION_BODY
      ERROR_EXPR 'Default Stub' type=androidx.compose.ui.unit.Dp
  VALUE_PARAMETER name:sheetShape index:5 type:androidx.compose.ui.graphics.Shape
    EXPRESSION_BODY
      ERROR_EXPR 'Default Stub' type=androidx.compose.ui.graphics.Shape
  VALUE_PARAMETER name:sheetContainerColor index:6 type:androidx.compose.ui.graphics.Color
    EXPRESSION_BODY
      ERROR_EXPR 'Default Stub' type=androidx.compose.ui.graphics.Color
  VALUE_PARAMETER name:sheetContentColor index:7 type:androidx.compose.ui.graphics.Color
    EXPRESSION_BODY
      ERROR_EXPR 'Default Stub' type=androidx.compose.ui.graphics.Color
  VALUE_PARAMETER name:sheetTonalElevation index:8 type:androidx.compose.ui.unit.Dp
    EXPRESSION_BODY
      ERROR_EXPR 'Default Stub' type=androidx.compose.ui.unit.Dp
  VALUE_PARAMETER name:sheetShadowElevation index:9 type:androidx.compose.ui.unit.Dp
    EXPRESSION_BODY
      ERROR_EXPR 'Default Stub' type=androidx.compose.ui.unit.Dp
  VALUE_PARAMETER name:sheetDragHandle index:10 type:@[Composable] kotlin.Function0<kotlin.Unit>
    EXPRESSION_BODY
      ERROR_EXPR 'Default Stub' type=@[Composable] kotlin.Function0<kotlin.Unit>
  VALUE_PARAMETER name:sheetSwipeEnabled index:11 type:kotlin.Boolean
    EXPRESSION_BODY
      ERROR_EXPR 'Default Stub' type=kotlin.Boolean
  VALUE_PARAMETER name:hasContentNavigationBarPadding index:12 type:kotlin.Boolean
    EXPRESSION_BODY
      ERROR_EXPR 'Default Stub' type=kotlin.Boolean
  VALUE_PARAMETER name:content index:13 type:@[Composable] kotlin.Function0<kotlin.Unit>
  BLOCK_BODY
    CALL 'private final fun AssertSoftInputModeIsAdjustNothing (): kotlin.Unit declared in com.example.ui.ContentWithSwipeableBottomSheetKt' type=kotlin.Unit origin=null
    VAR name:density type:androidx.compose.ui.unit.Density [val]
      CALL 'public final fun <get-current> (): T of androidx.compose.runtime.CompositionLocal [inline] declared in androidx.compose.runtime.CompositionLocal' type=androidx.compose.ui.unit.Density origin=GET_PROPERTY
        $this: TYPE_OP type=androidx.compose.runtime.CompositionLocal<T of androidx.compose.runtime.CompositionLocal> origin=IMPLICIT_CAST typeOperand=androidx.compose.runtime.CompositionLocal<T of androidx.compose.runtime.CompositionLocal>
          CALL 'public final fun <get-LocalDensity> (): androidx.compose.runtime.ProvidableCompositionLocal<androidx.compose.ui.unit.Density> declared in androidx.compose.ui.platform.CompositionLocalsKt' type=androidx.compose.runtime.ProvidableCompositionLocal<androidx.compose.ui.unit.Density> origin=GET_PROPERTY
    CALL 'public final fun BoxWithConstraints$default (modifier: androidx.compose.ui.Modifier?, contentAlignment: androidx.compose.ui.Alignment?, propagateMinConstraints: kotlin.Boolean, content: @[Composable] @[UiComposable] @[ExtensionFunctionType] kotlin.Function1<androidx.compose.foundation.layout.BoxWithConstraintsScope, kotlin.Unit>, $mask0: kotlin.Int, $handler: kotlin.Any?): kotlin.Unit declared in androidx.compose.foundation.layout.BoxWithConstraintsKt' type=kotlin.Unit origin=DEFAULT_DISPATCH_CALL
      modifier: GET_VAR 'modifier: androidx.compose.ui.Modifier declared in com.example.ui.ContentWithSwipeableBottomSheetKt.ContentWithSwipeableBottomSheet-0TPiquI' type=androidx.compose.ui.Modifier origin=null
      contentAlignment: COMPOSITE type=androidx.compose.ui.Alignment? origin=DEFAULT_VALUE
        CONST Null type=androidx.compose.ui.Alignment? value=null
      propagateMinConstraints: COMPOSITE type=kotlin.Boolean origin=DEFAULT_VALUE
        CONST Boolean type=kotlin.Boolean value=false
      content: BLOCK type=@[ExtensionFunctionType] kotlin.Function1<androidx.compose.foundation.layout.BoxWithConstraintsScope, kotlin.Unit> origin=LAMBDA
        COMPOSITE type=kotlin.Unit origin=null
        CALL 'public final fun <jvm-indy> <T> (dynamicCall: T of kotlin.jvm.internal.<jvm-indy>, bootstrapMethodHandle: kotlin.Any, vararg bootstrapMethodArguments: kotlin.Any): T of kotlin.jvm.internal.<jvm-indy> declared in kotlin.jvm.internal' type=@[ExtensionFunctionType] kotlin.Function1<androidx.compose.foundation.layout.BoxWithConstraintsScope, kotlin.Unit> origin=null
          <T>: @[ExtensionFunctionType] kotlin.Function1<androidx.compose.foundation.layout.BoxWithConstraintsScope, kotlin.Unit>
          dynamicCall: CALL 'public final fun invoke (p0: com.example.ui.ContentWithSwipeableBottomSheetState, p1: androidx.compose.ui.unit.Density, p2: androidx.compose.ui.unit.Dp, p3: androidx.compose.ui.unit.Dp, p4: @[Composable] kotlin.Function0<kotlin.Unit>, p5: kotlin.Boolean, p6: kotlin.Boolean, p7: androidx.compose.ui.graphics.Shape, p8: androidx.compose.ui.graphics.Color, p9: androidx.compose.ui.graphics.Color, p10: androidx.compose.ui.unit.Dp, p11: androidx.compose.ui.unit.Dp, p12: @[Composable] kotlin.Function0<kotlin.Unit>, p13: @[Composable] kotlin.Function0<kotlin.Unit>): @[ExtensionFunctionType] kotlin.Function1<androidx.compose.foundation.layout.BoxWithConstraintsScope, kotlin.Unit> declared in kotlin.jvm.internal.invokeDynamic' type=@[ExtensionFunctionType] kotlin.Function1<androidx.compose.foundation.layout.BoxWithConstraintsScope, kotlin.Unit> origin=null
            p0: GET_VAR 'sheetState: com.example.ui.ContentWithSwipeableBottomSheetState declared in com.example.ui.ContentWithSwipeableBottomSheetKt.ContentWithSwipeableBottomSheet-0TPiquI' type=com.example.ui.ContentWithSwipeableBottomSheetState origin=null
            p1: GET_VAR 'val density: androidx.compose.ui.unit.Density [val] declared in com.example.ui.ContentWithSwipeableBottomSheetKt.ContentWithSwipeableBottomSheet-0TPiquI' type=androidx.compose.ui.unit.Density origin=null
            p2: GET_VAR 'sheetExpandedAnchorOffset: androidx.compose.ui.unit.Dp declared in com.example.ui.ContentWithSwipeableBottomSheetKt.ContentWithSwipeableBottomSheet-0TPiquI' type=androidx.compose.ui.unit.Dp origin=null
            p3: GET_VAR 'sheetPartiallyExpandedHeight: androidx.compose.ui.unit.Dp declared in com.example.ui.ContentWithSwipeableBottomSheetKt.ContentWithSwipeableBottomSheet-0TPiquI' type=androidx.compose.ui.unit.Dp origin=null
            p4: GET_VAR 'content: @[Composable] kotlin.Function0<kotlin.Unit> declared in com.example.ui.ContentWithSwipeableBottomSheetKt.ContentWithSwipeableBottomSheet-0TPiquI' type=@[Composable] kotlin.Function0<kotlin.Unit> origin=null
            p5: GET_VAR 'hasContentNavigationBarPadding: kotlin.Boolean declared in com.example.ui.ContentWithSwipeableBottomSheetKt.ContentWithSwipeableBottomSheet-0TPiquI' type=kotlin.Boolean origin=null
            p6: GET_VAR 'sheetSwipeEnabled: kotlin.Boolean declared in com.example.ui.ContentWithSwipeableBottomSheetKt.ContentWithSwipeableBottomSheet-0TPiquI' type=kotlin.Boolean origin=null
            p7: GET_VAR 'sheetShape: androidx.compose.ui.graphics.Shape declared in com.example.ui.ContentWithSwipeableBottomSheetKt.ContentWithSwipeableBottomSheet-0TPiquI' type=androidx.compose.ui.graphics.Shape origin=null
            p8: GET_VAR 'sheetContainerColor: androidx.compose.ui.graphics.Color declared in com.example.ui.ContentWithSwipeableBottomSheetKt.ContentWithSwipeableBottomSheet-0TPiquI' type=androidx.compose.ui.graphics.Color origin=null
            p9: GET_VAR 'sheetContentColor: androidx.compose.ui.graphics.Color declared in com.example.ui.ContentWithSwipeableBottomSheetKt.ContentWithSwipeableBottomSheet-0TPiquI' type=androidx.compose.ui.graphics.Color origin=null
            p10: GET_VAR 'sheetTonalElevation: androidx.compose.ui.unit.Dp declared in com.example.ui.ContentWithSwipeableBottomSheetKt.ContentWithSwipeableBottomSheet-0TPiquI' type=androidx.compose.ui.unit.Dp origin=null
            p11: GET_VAR 'sheetShadowElevation: androidx.compose.ui.unit.Dp declared in com.example.ui.ContentWithSwipeableBottomSheetKt.ContentWithSwipeableBottomSheet-0TPiquI' type=androidx.compose.ui.unit.Dp origin=null
            p12: GET_VAR 'sheetDragHandle: @[Composable] kotlin.Function0<kotlin.Unit> declared in com.example.ui.ContentWithSwipeableBottomSheetKt.ContentWithSwipeableBottomSheet-0TPiquI' type=@[Composable] kotlin.Function0<kotlin.Unit> origin=null
            p13: GET_VAR 'sheetContent: @[Composable] kotlin.Function0<kotlin.Unit> declared in com.example.ui.ContentWithSwipeableBottomSheetKt.ContentWithSwipeableBottomSheet-0TPiquI' type=@[Composable] kotlin.Function0<kotlin.Unit> origin=null
          bootstrapMethodHandle: CALL 'public final fun <jvm-method-handle> (tag: kotlin.Int, owner: kotlin.String, name: kotlin.String, descriptor: kotlin.String, isInterface: kotlin.Boolean): kotlin.Any declared in kotlin.jvm.internal' type=kotlin.Any origin=null
            tag: CONST Int type=kotlin.Int value=6
            owner: CONST String type=kotlin.String value="java/lang/invoke/LambdaMetafactory"
            name: CONST String type=kotlin.String value="metafactory"
            descriptor: CONST String type=kotlin.String value="(Ljava/lang/invoke/MethodHandles$Lookup;Ljava/lang/String;Ljava/lang/invoke/MethodType;Ljava/lang/invoke/MethodType;Ljava/lang/invoke/MethodHandle;Ljava/lang/invoke/MethodType;)Ljava/lang/invoke/CallSite;"
            isInterface: CONST Boolean type=kotlin.Boolean value=false
          bootstrapMethodArguments: VARARG type=kotlin.Array<kotlin.Any> varargElementType=kotlin.Any
            CALL 'public final fun <jvm-original-method-type> (method: kotlin.Any): kotlin.Any declared in kotlin.jvm.internal' type=kotlin.Any origin=null
              method: RAW_FUNCTION_REFERENCE 'public abstract fun invoke (p1: P1 of kotlin.Function1): R of kotlin.Function1 [operator] declared in kotlin.Function1' type=kotlin.Any
            RAW_FUNCTION_REFERENCE 'private final fun ContentWithSwipeableBottomSheet_0TPiquI$lambda$2 ($sheetState: com.example.ui.ContentWithSwipeableBottomSheetState, $density: androidx.compose.ui.unit.Density, $sheetExpandedAnchorOffset: androidx.compose.ui.unit.Dp, $sheetPartiallyExpandedHeight: androidx.compose.ui.unit.Dp, $content: @[Composable] kotlin.Function0<kotlin.Unit>, $hasContentNavigationBarPadding: kotlin.Boolean, $sheetSwipeEnabled: kotlin.Boolean, $sheetShape: androidx.compose.ui.graphics.Shape, $sheetContainerColor: androidx.compose.ui.graphics.Color, $sheetContentColor: androidx.compose.ui.graphics.Color, $sheetTonalElevation: androidx.compose.ui.unit.Dp, $sheetShadowElevation: androidx.compose.ui.unit.Dp, $sheetDragHandle: @[Composable] kotlin.Function0<kotlin.Unit>, $sheetContent: @[Composable] kotlin.Function0<kotlin.Unit>, $this$BoxWithConstraints: androidx.compose.foundation.layout.BoxWithConstraintsScope): kotlin.Unit? declared in com.example.ui.ContentWithSwipeableBottomSheetKt' type=kotlin.Any
            CALL 'public final fun <jvm-original-method-type> (method: kotlin.Any): kotlin.Any declared in kotlin.jvm.internal' type=kotlin.Any origin=null
              method: RAW_FUNCTION_REFERENCE 'public abstract fun invoke (p1: androidx.compose.foundation.layout.BoxWithConstraintsScope): kotlin.Unit? [fake_override,operator] declared in kotlin.jvm.internal.invokeDynamic.<fake>' type=kotlin.Any
      $mask0: CONST Int type=kotlin.Int value=6
      $handler: CONST Null type=kotlin.Any? value=null

	at org.jetbrains.kotlin.backend.jvm.codegen.FunctionCodegen.generate(FunctionCodegen.kt:47)
	at org.jetbrains.kotlin.backend.jvm.codegen.FunctionCodegen.generate$default(FunctionCodegen.kt:40)
	at org.jetbrains.kotlin.backend.jvm.codegen.ClassCodegen.generateMethodNode(ClassCodegen.kt:406)
	at org.jetbrains.kotlin.backend.jvm.codegen.ClassCodegen.generateMethod(ClassCodegen.kt:423)
	at org.jetbrains.kotlin.backend.jvm.codegen.ClassCodegen.generate(ClassCodegen.kt:168)
	at org.jetbrains.kotlin.backend.jvm.FileCodegen.lower(JvmPhases.kt:39)
	at org.jetbrains.kotlin.backend.common.phaser.PhaseFactoriesKt.createFilePhase$lambda$4(PhaseFactories.kt:71)
	at org.jetbrains.kotlin.backend.common.phaser.PhaseBuildersKt$createSimpleNamedCompilerPhase$1.phaseBody(PhaseBuilders.kt:69)
	at org.jetbrains.kotlin.backend.common.phaser.SimpleNamedCompilerPhase.phaseBody(CompilerPhase.kt:226)
	at org.jetbrains.kotlin.backend.common.phaser.AbstractNamedCompilerPhase.invoke(CompilerPhase.kt:113)
	at org.jetbrains.kotlin.backend.common.phaser.PerformByIrFilePhase.invokeSequential(performByIrFile.kt:62)
	... 43 more
Caused by: org.jetbrains.kotlin.codegen.CompilationException: Back-end (JVM) Internal error: Couldn't inline method call: CALL 'public final fun <get-current> (): T of androidx.compose.runtime.CompositionLocal [inline] declared in androidx.compose.runtime.CompositionLocal' type=androidx.compose.ui.unit.Density origin=GET_PROPERTY
Method: null
File is unknown
The root cause java.lang.IllegalStateException was thrown at: org.jetbrains.kotlin.codegen.inline.SourceCompilerForInlineKt.getMethodNode(SourceCompilerForInline.kt:118)
	at org.jetbrains.kotlin.codegen.inline.InlineCodegen.performInline(InlineCodegen.kt:65)
	at org.jetbrains.kotlin.backend.jvm.codegen.IrInlineCodegen.genInlineCall(IrInlineCodegen.kt:163)
	at org.jetbrains.kotlin.backend.jvm.codegen.IrInlineCallGenerator.genCall(IrInlineCallGenerator.kt:36)
	at org.jetbrains.kotlin.backend.jvm.codegen.ExpressionCodegen.visitCall(ExpressionCodegen.kt:653)
	at org.jetbrains.kotlin.backend.jvm.codegen.ExpressionCodegen.visitCall(ExpressionCodegen.kt:138)
	at org.jetbrains.kotlin.ir.expressions.IrCall.accept(IrCall.kt:24)
	at org.jetbrains.kotlin.backend.jvm.codegen.ExpressionCodegen.visitVariable(ExpressionCodegen.kt:790)
	at org.jetbrains.kotlin.backend.jvm.codegen.ExpressionCodegen.visitVariable(ExpressionCodegen.kt:138)
	at org.jetbrains.kotlin.ir.declarations.IrVariable.accept(IrVariable.kt:36)
	at org.jetbrains.kotlin.backend.jvm.codegen.ExpressionCodegen.visitStatementContainer(ExpressionCodegen.kt:579)
	at org.jetbrains.kotlin.backend.jvm.codegen.ExpressionCodegen.visitBlockBody(ExpressionCodegen.kt:584)
	at org.jetbrains.kotlin.backend.jvm.codegen.ExpressionCodegen.visitBlockBody(ExpressionCodegen.kt:138)
	at org.jetbrains.kotlin.ir.expressions.IrBlockBody.accept(IrBlockBody.kt:20)
	at org.jetbrains.kotlin.backend.jvm.codegen.ExpressionCodegen.generate(ExpressionCodegen.kt:240)
	at org.jetbrains.kotlin.backend.jvm.codegen.FunctionCodegen.doGenerate(FunctionCodegen.kt:123)
	at org.jetbrains.kotlin.backend.jvm.codegen.FunctionCodegen.generate(FunctionCodegen.kt:44)
	... 53 more
Caused by: java.lang.IllegalStateException: couldn't find inline method Landroidx/compose/runtime/CompositionLocal;.getCurrent()Ljava/lang/Object;
	at org.jetbrains.kotlin.codegen.inline.SourceCompilerForInlineKt.getMethodNode(SourceCompilerForInline.kt:118)
	at org.jetbrains.kotlin.codegen.inline.SourceCompilerForInlineKt.loadCompiledInlineFunction(SourceCompilerForInline.kt:96)
	at org.jetbrains.kotlin.backend.jvm.codegen.IrSourceCompilerForInline.compileInlineFunction(IrSourceCompilerForInline.kt:91)
	at org.jetbrains.kotlin.codegen.inline.InlineCodegen.compileInline(InlineCodegen.kt:43)
	at org.jetbrains.kotlin.codegen.inline.InlineCodegen.performInline(InlineCodegen.kt:51)
	... 68 more


